<?xml version="1.0" encoding="UTF-8"?>
<!-- Generated by org.testng.reporters.JUnitReportReporter -->
<testsuite hostname="DESKTOP-FHGVQRT" failures="0" tests="2" name="TestClasses.VerifyUserCanAddNewAddress" time="9.981" errors="0" timestamp="2022-07-22T16:48:43 IST" skipped="0">
  <testcase classname="TestClasses.VerifyUserCanAddNewAddress" name="verifyUserCanGoToProfilePage" time="4.552"/>
  <system-out/>
  <testcase classname="TestClasses.VerifyUserCanAddNewAddress" name="veryUserCanAddAddress" time="5.429"/>
  <system-out/>
</testsuite> <!-- TestClasses.VerifyUserCanAddNewAddress -->
