<?xml version="1.0" encoding="UTF-8"?>
<!-- Generated by org.testng.reporters.JUnitReportReporter -->
<testsuite hostname="DESKTOP-FHGVQRT" failures="0" tests="1" name="TestClasses.VerifyUserCanLogIn" time="6.729" errors="0" timestamp="2022-07-22T16:48:43 IST" skipped="0">
  <testcase classname="TestClasses.VerifyUserCanLogIn" name="verifyUserCanLogin" time="6.729"/>
  <system-out/>
</testsuite> <!-- TestClasses.VerifyUserCanLogIn -->
